<?xml version="1.0" encoding="UTF-8"?>
<!-- Generated by org.testng.reporters.JUnitReportReporter -->
<testsuite name="excel.DataDriven2" tests="4" time="0.022" ignored="0" failures="0" timestamp="13 Jan 2017 05:14:00 GMT" skipped="0" hostname="NANI" errors="0">
  <testcase name="add" time="0.003" classname="excel.DataDriven2"/>
  <testcase name="add" time="0.001" classname="excel.DataDriven2"/>
  <testcase name="add" time="0.016" classname="excel.DataDriven2"/>
  <testcase name="add" time="0.002" classname="excel.DataDriven2"/>
</testsuite> <!-- excel.DataDriven2 -->
